#
# A fatal error has been detected by the Java Runtime Environment:
#
#  EXCEPTION_ACCESS_VIOLATION (0xc0000005) at pc=0x000000006aff1e86, pid=3424, tid=0x0000000000003e3c
#
# JRE version: OpenJDK Runtime Environment (8.0_212-b04) (build 1.8.0_212-release-1586-b04)
# Java VM: OpenJDK 64-Bit Server VM (25.212-b04 mixed mode windows-amd64 compressed oops)
# Problematic frame:
# V  [jvm.dll+0x3d1e86]
#
# Failed to write core dump. Minidumps are not enabled by default on client versions of Windows
#
# If you would like to submit a bug report, please visit:
#   
#

---------------  T H R E A D  ---------------

Current thread (0x000000000230f000):  GCTaskThread [stack: 0x00000000121d0000,0x00000000122d0000] [id=15932]

siginfo: ExceptionCode=0xc0000005, ExceptionInformation=0x0000000000000008 0x0000000060ff1e86

Registers:
RAX=0x000000000000bf1f, RBX=0x0000000000000004, RCX=0x0000000000000002, RDX=0x0000000015f94760
RSP=0x00000000122cf820, RBP=0x00000000122cf900, RSI=0x0000000000000005, RDI=0x00000000023dee60
R8 =0x0000000000000002, R9 =0x0000000009f81cf0, R10=0x0000000000000000, R11=0x00000000fe8bb6d8
R12=0x0000000000000001, R13=0x00000000122cf918, R14=0x0000000000000000, R15=0x000000000230f710
RIP=0x000000006aff1e86, EFLAGS=0x0000000000010202

Top of Stack: (sp=0x00000000122cf820)
0x00000000122cf820:   00000000fe8b74e8 000000006afeee01
0x00000000122cf830:   000166090000cb6f 0000000000000003
0x00000000122cf840:   000194760000bf1f 000166080000cb6f
0x00000000122cf850:   00000000fd7b6d38 000166070000cb6f
0x00000000122cf860:   0001a50e0000b2b1 000166090000cb6f
0x00000000122cf870:   000000000230f700 00000000022fe690
0x00000000122cf880:   000000000230f700 00000000022fe690
0x00000000122cf890:   000000000230f700 00000000022fe690
0x00000000122cf8a0:   000000006b2394e8 0000000018cd4100
0x00000000122cf8b0:   0000000000000005 000000006aff240d
0x00000000122cf8c0:   000166080000cb70 0000000015f948c0
0x00000000122cf8d0:   0000000000000000 00000000fe8b7521
0x00000000122cf8e0:   0000000018cd4100 0000000000000000
0x00000000122cf8f0:   0000000000000000 000000006afe0a0e
0x00000000122cf900:   0000000009f81cf0 000000000230f000
0x00000000122cf910:   0000000000000000 0000000000000000 

Instructions: (pc=0x000000006aff1e86)
0x000000006aff1e66:   44 24 20 2b c8 81 e1 ff ff 01 00 81 f9 ff ff 01
0x000000006aff1e76:   00 41 0f 44 ce 85 c9 75 07 32 c0 e9 e3 00 00 00
0x000000006aff1e86:   8b 4c 24 20 48 8b 42 30 48 8b 04 c8 48 8b 5c 24
0x000000006aff1e96:   20 49 89 45 00 8d 43 01 48 89 9c 24 a0 00 00 00 


Register to memory mapping:

RAX=0x000000000000bf1f is an unknown value
RBX=0x0000000000000004 is an unknown value
RCX=0x0000000000000002 is an unknown value
RDX=0x0000000015f94760 is an unknown value
RSP=0x00000000122cf820 is an unknown value
RBP=0x00000000122cf900 is an unknown value
RSI=0x0000000000000005 is an unknown value
RDI=0x00000000023dee60 is an unknown value
R8 =0x0000000000000002 is an unknown value
R9 =0x0000000009f81cf0 is at entry_point+17968 in (nmethod*)0x0000000009f7ce50
R10=0x0000000000000000 is an unknown value
R11=0x00000000fe8bb6d8 is an oop

[error occurred during error reporting (printing register info), id 0xc0000005]

Stack: [0x00000000121d0000,0x00000000122d0000],  sp=0x00000000122cf820,  free space=1022k
Native frames: (J=compiled Java code, j=interpreted, Vv=VM code, C=native code)
V  [jvm.dll+0x3d1e86]
V  [jvm.dll+0x3d240d]
V  [jvm.dll+0x3c0a0e]
V  [jvm.dll+0x26f53a]
C  [msvcr100.dll+0x21d9f]
C  [msvcr100.dll+0x21e3b]
C  [KERNEL32.DLL+0x17bd4]
C  [ntdll.dll+0x6ced1]


---------------  P R O C E S S  ---------------

Java Threads: ( => current thread )
  0x0000000030de6000 JavaThread "Cache worker for Java compile cache (C:\Users\Troels\OneDrive\privat\Programmering\COOP WORKS\COOP WORKS - app test\.gradle\6.3\javaCompile)" [_thread_blocked, id=2872, stack(0x000000003f440000,0x000000003f540000)]
  0x0000000030ded000 JavaThread "Cache worker for execution history cache (C:\Users\Troels\OneDrive\privat\Programmering\COOP WORKS\COOP WORKS - app test\.gradle\6.3\executionHistory)" [_thread_blocked, id=4856, stack(0x000000003f340000,0x000000003f440000)]
  0x0000000030de7000 JavaThread "Execution worker for ':' Thread 5" [_thread_blocked, id=17936, stack(0x000000003cef0000,0x000000003cff0000)]
  0x0000000030deb800 JavaThread "Execution worker for ':' Thread 4" [_thread_blocked, id=3804, stack(0x000000003cdf0000,0x000000003cef0000)]
  0x0000000030de5800 JavaThread "Execution worker for ':' Thread 3" [_thread_blocked, id=9144, stack(0x0000000028090000,0x0000000028190000)]
  0x0000000030dec000 JavaThread "Execution worker for ':' Thread 2" [_thread_blocked, id=18136, stack(0x0000000027090000,0x0000000027190000)]
  0x0000000030de7800 JavaThread "Execution worker for ':'" [_thread_blocked, id=3304, stack(0x00000000269a0000,0x0000000026aa0000)]
  0x000000002c9c0800 JavaThread "Cache worker for file content cache (C:\Users\Troels\OneDrive\privat\Programmering\COOP WORKS\COOP WORKS - app test\.gradle\6.3\fileContent)" [_thread_blocked, id=2072, stack(0x0000000026650000,0x0000000026750000)]
  0x000000002c9c5800 JavaThread "Cache worker for Build Output Cleanup Cache (C:\Users\Troels\OneDrive\privat\Programmering\COOP WORKS\COOP WORKS - app test\.gradle\buildOutputCleanup)" [_thread_blocked, id=14264, stack(0x0000000025ee0000,0x0000000025fe0000)]
  0x000000002c9bf800 JavaThread "Build operations Thread 6" [_thread_blocked, id=2992, stack(0x0000000024ba0000,0x0000000024ca0000)]
  0x000000002c9c6800 JavaThread "Build operations Thread 5" [_thread_blocked, id=9856, stack(0x00000000249a0000,0x0000000024aa0000)]
  0x000000002c9c3800 JavaThread "Build operations Thread 4" [_thread_blocked, id=10780, stack(0x00000000248a0000,0x00000000249a0000)]
  0x000000002c9bf000 JavaThread "Build operations Thread 3" [_thread_blocked, id=14768, stack(0x00000000247a0000,0x00000000248a0000)]
  0x000000002c9c2800 JavaThread "Build operations Thread 2" [_thread_blocked, id=12472, stack(0x00000000246a0000,0x00000000247a0000)]
  0x000000002c9c2000 JavaThread "Build operations" [_thread_blocked, id=14896, stack(0x0000000023a20000,0x0000000023b20000)]
  0x000000002c9c5000 JavaThread "Cache worker for cache directory md-rule (C:\Users\Troels\.gradle\caches\6.3\md-rule)" [_thread_blocked, id=8792, stack(0x0000000022250000,0x0000000022350000)]
  0x000000002c9c1000 JavaThread "Cache worker for cache directory md-supplier (C:\Users\Troels\.gradle\caches\6.3\md-supplier)" [_thread_blocked, id=17168, stack(0x0000000021f50000,0x0000000022050000)]
  0x000000002c9c4000 JavaThread "Cache worker for file hash cache (C:\Users\Troels\OneDrive\privat\Programmering\COOP WORKS\COOP WORKS - app test\.gradle\6.3\fileHashes)" [_thread_blocked, id=13352, stack(0x0000000021e50000,0x0000000021f50000)]
  0x000000002c9b7800 JavaThread "Cache worker for checksums cache (C:\Users\Troels\OneDrive\privat\Programmering\COOP WORKS\COOP WORKS - app test\.gradle\checksums)" [_thread_blocked, id=13608, stack(0x000000001ede0000,0x000000001eee0000)]
  0x000000002c9bb000 JavaThread "Thread-1019" [_thread_blocked, id=2204, stack(0x000000001e640000,0x000000001e740000)]
  0x000000002c9be000 JavaThread "Stdin handler" [_thread_blocked, id=10768, stack(0x000000001bea0000,0x000000001bfa0000)]
  0x000000002c9bd800 JavaThread "Asynchronous log dispatcher for DefaultDaemonConnection: socket connection from /127.0.0.1:60394 to /127.0.0.1:60999" [_thread_blocked, id=14148, stack(0x000000001b7a0000,0x000000001b8a0000)]
  0x000000002c9b9800 JavaThread "Daemon worker Thread 15" [_thread_blocked, id=13300, stack(0x000000001b6a0000,0x000000001b7a0000)]
  0x000000002c9bc800 JavaThread "Cancel handler" [_thread_blocked, id=12372, stack(0x0000000000830000,0x0000000000930000)]
  0x000000002c9bc000 JavaThread "Handler for socket connection from /127.0.0.1:60394 to /127.0.0.1:60999" [_thread_in_native, id=5828, stack(0x0000000000730000,0x0000000000830000)]
  0x000000002c9ba800 JavaThread "Daemon Thread 15" [_thread_blocked, id=8708, stack(0x0000000000630000,0x0000000000730000)]
  0x000000002be55000 JavaThread "Cache worker for Java compile cache (C:\Users\Troels\.gradle\caches\6.3\javaCompile)" [_thread_blocked, id=7260, stack(0x00000000274e0000,0x00000000275e0000)]
  0x000000001f6ae800 JavaThread "Cache worker for file content cache (C:\Users\Troels\.gradle\caches\6.3\fileContent)" [_thread_blocked, id=1444, stack(0x0000000024aa0000,0x0000000024ba0000)]
  0x00000000231b1000 JavaThread "Memory manager" [_thread_blocked, id=2472, stack(0x0000000022350000,0x0000000022450000)]
  0x0000000015fde800 JavaThread "Cache worker for execution history cache (C:\Users\Troels\.gradle\caches\6.3\executionHistory)" [_thread_blocked, id=13992, stack(0x000000001ff80000,0x0000000020080000)]
  0x0000000015fe5800 JavaThread "Cache worker for file hash cache (C:\Users\Troels\.gradle\caches\6.3\fileHashes)" [_thread_blocked, id=3264, stack(0x000000001c3a0000,0x000000001c4a0000)]
  0x0000000015fe1000 JavaThread "File lock request listener" [_thread_in_native, id=9260, stack(0x000000001c2a0000,0x000000001c3a0000)]
  0x0000000015fe4800 JavaThread "Cache worker for journal cache (C:\Users\Troels\.gradle\caches\journal-1)" [_thread_blocked, id=13260, stack(0x000000001c1a0000,0x000000001c2a0000)]
  0x000000001a106800 JavaThread "Daemon periodic checks" [_thread_blocked, id=19036, stack(0x000000001b5a0000,0x000000001b6a0000)]
  0x000000001a0be000 JavaThread "Incoming local TCP Connector on port 60394" [_thread_in_native, id=16380, stack(0x000000001b350000,0x000000001b450000)]
  0x000000001a051800 JavaThread "Daemon health stats" [_thread_blocked, id=2288, stack(0x000000001ad10000,0x000000001ae10000)]
  0x0000000015fee800 JavaThread "Service Thread" daemon [_thread_blocked, id=4188, stack(0x0000000018370000,0x0000000018470000)]
  0x0000000015fdf800 JavaThread "C1 CompilerThread2" daemon [_thread_blocked, id=4664, stack(0x0000000017e70000,0x0000000017f70000)]
  0x0000000015fdc800 JavaThread "C2 CompilerThread1" daemon [_thread_blocked, id=13320, stack(0x0000000017d70000,0x0000000017e70000)]
  0x0000000015fd5000 JavaThread "C2 CompilerThread0" daemon [_thread_blocked, id=14092, stack(0x0000000017c70000,0x0000000017d70000)]
  0x0000000015fd1800 JavaThread "Attach Listener" daemon [_thread_blocked, id=1124, stack(0x0000000017b70000,0x0000000017c70000)]
  0x0000000015fcd800 JavaThread "Signal Dispatcher" daemon [_thread_blocked, id=4764, stack(0x0000000017a70000,0x0000000017b70000)]
  0x00000000023eb800 JavaThread "Finalizer" daemon [_thread_blocked, id=14292, stack(0x0000000017850000,0x0000000017950000)]
  0x00000000023e5000 JavaThread "Reference Handler" daemon [_thread_blocked, id=248, stack(0x0000000017750000,0x0000000017850000)]
  0x000000000218e000 JavaThread "main" [_thread_blocked, id=6392, stack(0x00000000021e0000,0x00000000022e0000)]

Other Threads:
  0x0000000015f96800 VMThread [stack: 0x0000000017650000,0x0000000017750000] [id=6280]
  0x0000000017fe7000 WatcherThread [stack: 0x0000000018470000,0x0000000018570000] [id=10152]

=>0x000000000230f000 (exited) GCTaskThread [stack: 0x00000000121d0000,0x00000000122d0000] [id=15932]

VM state:at safepoint (normal execution)

VM Mutex/Monitor currently owned by a thread:  ([mutex/lock_event])
[0x000000000218c300] Threads_lock - owner thread: 0x0000000015f96800
[0x000000000218cf00] Heap_lock - owner thread: 0x0000000030dec000

heap address: 0x00000000a0000000, size: 1536 MB, Compressed Oops mode: 32-bit
Narrow klass base: 0x0000000000000000, Narrow klass shift: 3
Compressed class space size: 1073741824 Address: 0x0000000100000000

Heap:
 PSYoungGen      total 460288K, used 432314K [0x00000000e0000000, 0x00000000fff00000, 0x0000000100000000)
  eden space 398848K, 100% used [0x00000000e0000000,0x00000000f8580000,0x00000000f8580000)
  from space 61440K, 54% used [0x00000000f8580000,0x00000000fa62ea18,0x00000000fc180000)
  to   space 60928K, 62% used [0x00000000fc380000,0x00000000fe8eb6e8,0x00000000fff00000)
 ParOldGen       total 587776K, used 269669K [0x00000000a0000000, 0x00000000c3e00000, 0x00000000e0000000)
  object space 587776K, 45% used [0x00000000a0000000,0x00000000b07594e8,0x00000000c3e00000)
 Metaspace       used 304560K, capacity 314184K, committed 315544K, reserved 1329152K
  class space    used 34469K, capacity 36093K, committed 36272K, reserved 1048576K

Card table byte_map: [0x00000000117c0000,0x0000000011ad0000] byte_map_base: 0x00000000112c0000

Marking Bits: (ParMarkBitMap*) 0x000000006b3e9f30
 Begin Bits: [0x00000000122d0000, 0x0000000013ad0000)
 End Bits:   [0x0000000013ad0000, 0x00000000152d0000)

Polling page: 0x0000000002170000

CodeCache: size=245760Kb used=169494Kb max_used=169528Kb free=76265Kb
 bounds [0x0000000002400000, 0x000000000cab0000, 0x0000000011400000]
 total_blobs=49803 nmethods=48869 adapters=841
 compilation: enabled

Compilation events (10 events):
Event: 3385.971 Thread 0x0000000015fdc800 nmethod 65808 0x0000000007d0a5d0 code [0x0000000007d0a8e0, 0x0000000007d0d368]
Event: 3385.977 Thread 0x0000000015fdc800 65815       4       com.google.common.base.Equivalence$Wrapper::<init> (21 bytes)
Event: 3385.978 Thread 0x0000000015fdc800 nmethod 65815 0x000000000732b750 code [0x000000000732b880, 0x000000000732b918]
Event: 3385.982 Thread 0x0000000015fdf800 65816       3       java.util.concurrent.atomic.AtomicReference::<init> (10 bytes)
Event: 3385.982 Thread 0x0000000015fdf800 nmethod 65816 0x0000000005627850 code [0x00000000056279a0, 0x0000000005627b70]
Event: 3386.044 Thread 0x0000000015fdc800 65817       4       com.sun.tools.javac.file.RegularFileObject::getCharContent (6 bytes)
Event: 3386.090 Thread 0x0000000015fd5000 nmethod 65806 0x000000000ca85550 code [0x000000000ca85b60, 0x000000000ca8a648]
Event: 3386.092 Thread 0x0000000015fd5000 65818       4       com.sun.tools.javac.file.JavacFileManager::toArray (29 bytes)
Event: 3386.094 Thread 0x0000000015fd5000 nmethod 65818 0x0000000003aceed0 code [0x0000000003acf020, 0x0000000003acf2b8]
Event: 3386.142 Thread 0x0000000015fdc800 nmethod 65817 0x000000000ca9c150 code [0x000000000ca9c780, 0x000000000caa2168]

GC Heap History (10 events):
Event: 2536.523 GC heap after
Heap after GC invocations=158 (full 11):
 PSYoungGen      total 436736K, used 38324K [0x00000000e0000000, 0x0000000100000000, 0x0000000100000000)
  eden space 398336K, 0% used [0x00000000e0000000,0x00000000e0000000,0x00000000f8500000)
  from space 38400K, 99% used [0x00000000f8500000,0x00000000faa6d1b0,0x00000000faa80000)
  to   space 64512K, 0% used [0x00000000fc100000,0x00000000fc100000,0x0000000100000000)
 ParOldGen       total 587776K, used 161988K [0x00000000a0000000, 0x00000000c3e00000, 0x00000000e0000000)
  object space 587776K, 27% used [0x00000000a0000000,0x00000000a9e31190,0x00000000c3e00000)
 Metaspace       used 297378K, capacity 306862K, committed 308376K, reserved 1323008K
  class space    used 33693K, capacity 35266K, committed 35504K, reserved 1048576K
}
Event: 2912.121 GC heap before
{Heap before GC invocations=159 (full 11):
 PSYoungGen      total 436736K, used 436660K [0x00000000e0000000, 0x0000000100000000, 0x0000000100000000)
  eden space 398336K, 100% used [0x00000000e0000000,0x00000000f8500000,0x00000000f8500000)
  from space 38400K, 99% used [0x00000000f8500000,0x00000000faa6d1b0,0x00000000faa80000)
  to   space 64512K, 0% used [0x00000000fc100000,0x00000000fc100000,0x0000000100000000)
 ParOldGen       total 587776K, used 161988K [0x00000000a0000000, 0x00000000c3e00000, 0x00000000e0000000)
  object space 587776K, 27% used [0x00000000a0000000,0x00000000a9e31190,0x00000000c3e00000)
 Metaspace       used 297387K, capacity 306862K, committed 308376K, reserved 1323008K
  class space    used 33693K, capacity 35266K, committed 35504K, reserved 1048576K
Event: 2912.139 GC heap after
Heap after GC invocations=159 (full 11):
 PSYoungGen      total 461824K, used 14095K [0x00000000e0000000, 0x0000000100000000, 0x0000000100000000)
  eden space 397312K, 0% used [0x00000000e0000000,0x00000000e0000000,0x00000000f8400000)
  from space 64512K, 21% used [0x00000000fc100000,0x00000000fcec3c60,0x0000000100000000)
  to   space 62464K, 0% used [0x00000000f8400000,0x00000000f8400000,0x00000000fc100000)
 ParOldGen       total 587776K, used 199105K [0x00000000a0000000, 0x00000000c3e00000, 0x00000000e0000000)
  object space 587776K, 33% used [0x00000000a0000000,0x00000000ac270568,0x00000000c3e00000)
 Metaspace       used 297387K, capacity 306862K, committed 308376K, reserved 1323008K
  class space    used 33693K, capacity 35266K, committed 35504K, reserved 1048576K
}
Event: 3239.975 GC heap before
{Heap before GC invocations=160 (full 11):
 PSYoungGen      total 461824K, used 411407K [0x00000000e0000000, 0x0000000100000000, 0x0000000100000000)
  eden space 397312K, 100% used [0x00000000e0000000,0x00000000f8400000,0x00000000f8400000)
  from space 64512K, 21% used [0x00000000fc100000,0x00000000fcec3c60,0x0000000100000000)
  to   space 62464K, 0% used [0x00000000f8400000,0x00000000f8400000,0x00000000fc100000)
 ParOldGen       total 587776K, used 199105K [0x00000000a0000000, 0x00000000c3e00000, 0x00000000e0000000)
  object space 587776K, 33% used [0x00000000a0000000,0x00000000ac270568,0x00000000c3e00000)
 Metaspace       used 297596K, capacity 307136K, committed 308760K, reserved 1323008K
  class space    used 33716K, capacity 35323K, committed 35632K, reserved 1048576K
Event: 3239.988 GC heap after
Heap after GC invocations=160 (full 11):
 PSYoungGen      total 459776K, used 35451K [0x00000000e0000000, 0x00000000fff00000, 0x0000000100000000)
  eden space 397312K, 0% used [0x00000000e0000000,0x00000000e0000000,0x00000000f8400000)
  from space 62464K, 56% used [0x00000000f8400000,0x00000000fa69ee10,0x00000000fc100000)
  to   space 62976K, 0% used [0x00000000fc180000,0x00000000fc180000,0x00000000fff00000)
 ParOldGen       total 587776K, used 202916K [0x00000000a0000000, 0x00000000c3e00000, 0x00000000e0000000)
  object space 587776K, 34% used [0x00000000a0000000,0x00000000ac629198,0x00000000c3e00000)
 Metaspace       used 297596K, capacity 307136K, committed 308760K, reserved 1323008K
  class space    used 33716K, capacity 35323K, committed 35632K, reserved 1048576K
}
Event: 3241.115 GC heap before
{Heap before GC invocations=161 (full 11):
 PSYoungGen      total 459776K, used 432763K [0x00000000e0000000, 0x00000000fff00000, 0x0000000100000000)
  eden space 397312K, 100% used [0x00000000e0000000,0x00000000f8400000,0x00000000f8400000)
  from space 62464K, 56% used [0x00000000f8400000,0x00000000fa69ee10,0x00000000fc100000)
  to   space 62976K, 0% used [0x00000000fc180000,0x00000000fc180000,0x00000000fff00000)
 ParOldGen       total 587776K, used 202916K [0x00000000a0000000, 0x00000000c3e00000, 0x00000000e0000000)
  object space 587776K, 34% used [0x00000000a0000000,0x00000000ac629198,0x00000000c3e00000)
 Metaspace       used 303251K, capacity 312844K, committed 314520K, reserved 1327104K
  class space    used 34362K, capacity 35965K, committed 36272K, reserved 1048576K
Event: 3241.129 GC heap after
Heap after GC invocations=161 (full 11):
 PSYoungGen      total 460288K, used 12214K [0x00000000e0000000, 0x00000000ffd80000, 0x0000000100000000)
  eden space 398848K, 0% used [0x00000000e0000000,0x00000000e0000000,0x00000000f8580000)
  from space 61440K, 19% used [0x00000000fc180000,0x00000000fcd6d870,0x00000000ffd80000)
  to   space 61440K, 0% used [0x00000000f8580000,0x00000000f8580000,0x00000000fc180000)
 ParOldGen       total 587776K, used 230576K [0x00000000a0000000, 0x00000000c3e00000, 0x00000000e0000000)
  object space 587776K, 39% used [0x00000000a0000000,0x00000000ae12c100,0x00000000c3e00000)
 Metaspace       used 303251K, capacity 312844K, committed 314520K, reserved 1327104K
  class space    used 34362K, capacity 35965K, committed 36272K, reserved 1048576K
}
Event: 3241.721 GC heap before
{Heap before GC invocations=162 (full 11):
 PSYoungGen      total 460288K, used 411062K [0x00000000e0000000, 0x00000000ffd80000, 0x0000000100000000)
  eden space 398848K, 100% used [0x00000000e0000000,0x00000000f8580000,0x00000000f8580000)
  from space 61440K, 19% used [0x00000000fc180000,0x00000000fcd6d870,0x00000000ffd80000)
  to   space 61440K, 0% used [0x00000000f8580000,0x00000000f8580000,0x00000000fc180000)
 ParOldGen       total 587776K, used 230576K [0x00000000a0000000, 0x00000000c3e00000, 0x00000000e0000000)
  object space 587776K, 39% used [0x00000000a0000000,0x00000000ae12c100,0x00000000c3e00000)
 Metaspace       used 304335K, capacity 313892K, committed 315288K, reserved 1329152K
  class space    used 34443K, capacity 36033K, committed 36272K, reserved 1048576K
Event: 3241.733 GC heap after
Heap after GC invocations=162 (full 11):
 PSYoungGen      total 460288K, used 33466K [0x00000000e0000000, 0x00000000fff00000, 0x0000000100000000)
  eden space 398848K, 0% used [0x00000000e0000000,0x00000000e0000000,0x00000000f8580000)
  from space 61440K, 54% used [0x00000000f8580000,0x00000000fa62ea18,0x00000000fc180000)
  to   space 60928K, 0% used [0x00000000fc380000,0x00000000fc380000,0x00000000fff00000)
 ParOldGen       total 587776K, used 237604K [0x00000000a0000000, 0x00000000c3e00000, 0x00000000e0000000)
  object space 587776K, 40% used [0x00000000a0000000,0x00000000ae809388,0x00000000c3e00000)
 Metaspace       used 304335K, capacity 313892K, committed 315288K, reserved 1329152K
  class space    used 34443K, capacity 36033K, committed 36272K, reserved 1048576K
}
Event: 3386.164 GC heap before
{Heap before GC invocations=163 (full 11):
 PSYoungGen      total 460288K, used 432314K [0x00000000e0000000, 0x00000000fff00000, 0x0000000100000000)
  eden space 398848K, 100% used [0x00000000e0000000,0x00000000f8580000,0x00000000f8580000)
  from space 61440K, 54% used [0x00000000f8580000,0x00000000fa62ea18,0x00000000fc180000)
  to   space 60928K, 0% used [0x00000000fc380000,0x00000000fc380000,0x00000000fff00000)
 ParOldGen       total 587776K, used 237604K [0x00000000a0000000, 0x00000000c3e00000, 0x00000000e0000000)
  object space 587776K, 40% used [0x00000000a0000000,0x00000000ae809388,0x00000000c3e00000)
 Metaspace       used 304560K, capacity 314184K, committed 315544K, reserved 1329152K
  class space    used 34469K, capacity 36093K, committed 36272K, reserved 1048576K

Deoptimization events (10 events):
Event: 3241.944 Thread 0x000000001c785000 Uncommon trap: reason=unstable_if action=reinterpret pc=0x0000000002f43708 method=org.gradle.execution.plan.Node.isFailed()Z @ 4
Event: 3241.945 Thread 0x000000001c785000 Uncommon trap: reason=unstable_if action=reinterpret pc=0x00000000053405f8 method=org.gradle.execution.plan.Node.isReady()Z @ 7
Event: 3241.945 Thread 0x000000001c785000 Uncommon trap: reason=unstable_if action=reinterpret pc=0x0000000002bb245c method=org.gradle.execution.plan.Node.isReady()Z @ 7
Event: 3241.945 Thread 0x000000001c785000 Uncommon trap: reason=unstable_if action=reinterpret pc=0x000000000a5108c8 method=org.gradle.execution.plan.DefaultExecutionPlan.hasNodesRemaining()Z @ 33
Event: 3241.945 Thread 0x000000001c786800 Uncommon trap: reason=unstable_if action=reinterpret pc=0x000000000a623c48 method=org.gradle.execution.plan.DefaultExecutionPlan.hasNodesRemaining()Z @ 33
Event: 3241.952 Thread 0x000000001f6b3000 Uncommon trap: reason=unstable_if action=reinterpret pc=0x00000000095de518 method=java.util.AbstractList.equals(Ljava/lang/Object;)Z @ 11
Event: 3241.953 Thread 0x000000001f6b3000 Uncommon trap: reason=bimorphic action=maybe_recompile pc=0x00000000080b9244 method=com.google.common.cache.LocalCache$Segment.removeEntryFromChain(Lcom/google/common/cache/ReferenceEntry;Lcom/google/common/cache/ReferenceEntry;)Lcom/google/common/cache/R
Event: 3241.954 Thread 0x000000001f6b3000 Uncommon trap: reason=bimorphic action=maybe_recompile pc=0x00000000080b9244 method=com.google.common.cache.LocalCache$Segment.removeEntryFromChain(Lcom/google/common/cache/ReferenceEntry;Lcom/google/common/cache/ReferenceEntry;)Lcom/google/common/cache/R
Event: 3385.897 Thread 0x000000002c9c3800 Uncommon trap: reason=unstable_if action=reinterpret pc=0x0000000006573200 method=java.util.concurrent.locks.AbstractQueuedSynchronizer.unparkSuccessor(Ljava/util/concurrent/locks/AbstractQueuedSynchronizer$Node;)V @ 22
Event: 3385.947 Thread 0x0000000030dec000 Uncommon trap: reason=unstable_if action=reinterpret pc=0x0000000003c8e218 method=org.gradle.internal.execution.history.changes.PreviousSuccessChanges.accept(Lorg/gradle/internal/execution/history/changes/ChangeVisitor;)Z @ 4

Classes redefined (0 events):
No events

Internal exceptions (10 events):
Event: 3385.897 Thread 0x000000002c9c3800 Implicit null exception at 0x0000000006572f02 to 0x00000000065731e5
Event: 3385.946 Thread 0x0000000030dec000 Exception <a 'sun/nio/fs/WindowsException'> (0x00000000f3c3e290) thrown at [D:\src\AOSP-openjdk-cygwin\jdk8u\hotspot\src\share\vm\prims\jni.cpp, line 710]
Event: 3385.946 Thread 0x0000000030dec000 Exception <a 'sun/nio/fs/WindowsException'> (0x00000000f3c3ef28) thrown at [D:\src\AOSP-openjdk-cygwin\jdk8u\hotspot\src\share\vm\prims\jni.cpp, line 710]
Event: 3385.946 Thread 0x0000000030dec000 Exception <a 'sun/nio/fs/WindowsException'> (0x00000000f3c3fc48) thrown at [D:\src\AOSP-openjdk-cygwin\jdk8u\hotspot\src\share\vm\prims\jni.cpp, line 710]
Event: 3385.946 Thread 0x0000000030dec000 Exception <a 'sun/nio/fs/WindowsException'> (0x00000000f3c43870) thrown at [D:\src\AOSP-openjdk-cygwin\jdk8u\hotspot\src\share\vm\prims\jni.cpp, line 710]
Event: 3385.946 Thread 0x0000000030dec000 Exception <a 'sun/nio/fs/WindowsException'> (0x00000000f3c44548) thrown at [D:\src\AOSP-openjdk-cygwin\jdk8u\hotspot\src\share\vm\prims\jni.cpp, line 710]
Event: 3385.946 Thread 0x0000000030dec000 Exception <a 'sun/nio/fs/WindowsException'> (0x00000000f3c452a8) thrown at [D:\src\AOSP-openjdk-cygwin\jdk8u\hotspot\src\share\vm\prims\jni.cpp, line 710]
Event: 3385.946 Thread 0x0000000030dec000 Exception <a 'sun/nio/fs/WindowsException'> (0x00000000f3c52238) thrown at [D:\src\AOSP-openjdk-cygwin\jdk8u\hotspot\src\share\vm\prims\jni.cpp, line 710]
Event: 3385.946 Thread 0x0000000030dec000 Exception <a 'sun/nio/fs/WindowsException'> (0x00000000f3c52f20) thrown at [D:\src\AOSP-openjdk-cygwin\jdk8u\hotspot\src\share\vm\prims\jni.cpp, line 710]
Event: 3385.946 Thread 0x0000000030dec000 Exception <a 'sun/nio/fs/WindowsException'> (0x00000000f3c53c90) thrown at [D:\src\AOSP-openjdk-cygwin\jdk8u\hotspot\src\share\vm\prims\jni.cpp, line 710]

Events (10 events):
Event: 3385.998 loading class com/google/common/collect/CollectPreconditions done
Event: 3385.998 loading class com/google/common/collect/LinkedHashMultimap$ValueEntry
Event: 3385.998 loading class com/google/common/collect/LinkedHashMultimap$ValueEntry done
Event: 3385.999 loading class com/google/common/collect/LinkedHashMultimap$ValueSetLink
Event: 3385.999 loading class com/google/common/collect/LinkedHashMultimap$ValueSetLink done
Event: 3385.999 loading class com/google/common/collect/ImmutableEntry
Event: 3385.999 loading class com/google/common/collect/ImmutableEntry done
Event: 3385.999 loading class com/google/common/collect/AbstractMapEntry
Event: 3385.999 loading class com/google/common/collect/AbstractMapEntry done
Event: 3386.164 Executing VM operation: ParallelGCFailedAllocation


Dynamic libraries:
0x00007ff735b60000 - 0x00007ff735b91000 	C:\Program Files\Android\Android Studio\jre\bin\java.exe
0x00007ff8946c0000 - 0x00007ff8948b0000 	C:\Windows\SYSTEM32\ntdll.dll
0x00007ff892d80000 - 0x00007ff892e32000 	C:\Windows\System32\KERNEL32.DLL
0x00007ff891ec0000 - 0x00007ff892163000 	C:\Windows\System32\KERNELBASE.dll
0x00007ff893ff0000 - 0x00007ff894093000 	C:\Windows\System32\ADVAPI32.dll
0x00007ff892ce0000 - 0x00007ff892d7e000 	C:\Windows\System32\msvcrt.dll
0x00007ff8927d0000 - 0x00007ff892867000 	C:\Windows\System32\sechost.dll
0x00007ff893e60000 - 0x00007ff893f80000 	C:\Windows\System32\RPCRT4.dll
0x00007ff893570000 - 0x00007ff893704000 	C:\Windows\System32\USER32.dll
0x00007ff892490000 - 0x00007ff8924b1000 	C:\Windows\System32\win32u.dll
0x00007ff892ca0000 - 0x00007ff892cc6000 	C:\Windows\System32\GDI32.dll
0x00007ff8925d0000 - 0x00007ff892764000 	C:\Windows\System32\gdi32full.dll
0x00007ff8922f0000 - 0x00007ff89238e000 	C:\Windows\System32\msvcp_win.dll
0x00007ff892390000 - 0x00007ff89248a000 	C:\Windows\System32\ucrtbase.dll
0x00007ff87dc80000 - 0x00007ff87df05000 	C:\Windows\WinSxS\amd64_microsoft.windows.common-controls_6595b64144ccf1df_6.0.18362.752_none_e6c0b5ed1312b70c\COMCTL32.dll
0x00007ff8942d0000 - 0x00007ff894606000 	C:\Windows\System32\combase.dll
0x00007ff8916c0000 - 0x00007ff891740000 	C:\Windows\System32\bcryptPrimitives.dll
0x00007ff892870000 - 0x00007ff89289e000 	C:\Windows\System32\IMM32.DLL
0x000000006aa60000 - 0x000000006ab32000 	C:\Program Files\Android\Android Studio\jre\jre\bin\msvcr100.dll
0x000000006ac20000 - 0x000000006b466000 	C:\Program Files\Android\Android Studio\jre\jre\bin\server\jvm.dll
0x00007ff893560000 - 0x00007ff893568000 	C:\Windows\System32\PSAPI.DLL
0x00007ff8895e0000 - 0x00007ff889604000 	C:\Windows\SYSTEM32\WINMM.dll
0x00007ff889fc0000 - 0x00007ff889fc9000 	C:\Windows\SYSTEM32\WSOCK32.dll
0x00007ff893f80000 - 0x00007ff893fef000 	C:\Windows\System32\WS2_32.dll
0x00007ff88c860000 - 0x00007ff88c86a000 	C:\Windows\SYSTEM32\VERSION.dll
0x00007ff889290000 - 0x00007ff8892bd000 	C:\Windows\SYSTEM32\winmmbase.dll
0x00007ff891650000 - 0x00007ff89169a000 	C:\Windows\System32\cfgmgr32.dll
0x00007ff889fb0000 - 0x00007ff889fbf000 	C:\Program Files\Android\Android Studio\jre\jre\bin\verify.dll
0x00007ff85f730000 - 0x00007ff85f759000 	C:\Program Files\Android\Android Studio\jre\jre\bin\java.dll
0x00007ff8645d0000 - 0x00007ff8645e6000 	C:\Program Files\Android\Android Studio\jre\jre\bin\zip.dll
0x00007ff893710000 - 0x00007ff893df5000 	C:\Windows\System32\SHELL32.dll
0x00007ff8928d0000 - 0x00007ff892979000 	C:\Windows\System32\shcore.dll
0x00007ff891740000 - 0x00007ff891ec0000 	C:\Windows\System32\windows.storage.dll
0x00007ff891620000 - 0x00007ff891643000 	C:\Windows\System32\profapi.dll
0x00007ff891590000 - 0x00007ff8915da000 	C:\Windows\System32\powrprof.dll
0x00007ff891580000 - 0x00007ff891590000 	C:\Windows\System32\UMPDC.dll
0x00007ff893e00000 - 0x00007ff893e52000 	C:\Windows\System32\shlwapi.dll
0x00007ff891600000 - 0x00007ff891611000 	C:\Windows\System32\kernel.appcore.dll
0x00007ff8916a0000 - 0x00007ff8916b7000 	C:\Windows\System32\cryptsp.dll
0x00007ff864010000 - 0x00007ff86402a000 	C:\Program Files\Android\Android Studio\jre\jre\bin\net.dll
0x00007ff885860000 - 0x00007ff885a35000 	C:\Windows\SYSTEM32\urlmon.dll
0x00007ff884a70000 - 0x00007ff884d16000 	C:\Windows\SYSTEM32\iertutil.dll
0x00007ff890fc0000 - 0x00007ff890fcc000 	C:\Windows\SYSTEM32\CRYPTBASE.DLL
0x00007ff890df0000 - 0x00007ff890e57000 	C:\Windows\system32\mswsock.dll
0x00007ff8639e0000 - 0x00007ff8639f3000 	C:\Program Files\Android\Android Studio\jre\jre\bin\nio.dll
0x00007ff889fd0000 - 0x00007ff889ff7000 	C:\Users\Troels\.gradle\native\c976cfcca226fdd4bee4412e95191dd41148b7504f9625baeda1d523bc39a967\windows-amd64\native-platform.dll
0x00007ff885d00000 - 0x00007ff885d0d000 	C:\Program Files\Android\Android Studio\jre\jre\bin\management.dll
0x00007ff890960000 - 0x00007ff890993000 	C:\Windows\system32\rsaenh.dll
0x00007ff8922c0000 - 0x00007ff8922e6000 	C:\Windows\System32\bcrypt.dll
0x00007ff8914a0000 - 0x00007ff8914c5000 	C:\Windows\SYSTEM32\USERENV.dll
0x00007ff890b00000 - 0x00007ff890b3a000 	C:\Windows\SYSTEM32\IPHLPAPI.DLL
0x00007ff892cd0000 - 0x00007ff892cd8000 	C:\Windows\System32\NSI.dll
0x00007ff88b780000 - 0x00007ff88b796000 	C:\Windows\SYSTEM32\dhcpcsvc6.DLL
0x00007ff88bec0000 - 0x00007ff88bedc000 	C:\Windows\SYSTEM32\dhcpcsvc.DLL
0x00007ff890b40000 - 0x00007ff890c0a000 	C:\Windows\SYSTEM32\DNSAPI.dll
0x00007ff8905e0000 - 0x00007ff890611000 	C:\Windows\SYSTEM32\ntmarta.dll
0x00007ff88f3b0000 - 0x00007ff88f43f000 	C:\Windows\system32\apphelp.dll
0x0000000066e00000 - 0x0000000066f03000 	C:\Users\Troels\AppData\Local\Temp\sqlite-3.25.2-b5d63928-1048-4b85-a740-65ff44736c81-sqlitejdbc.dll
0x0000000027390000 - 0x0000000027493000 	C:\Users\Troels\AppData\Local\Temp\sqlite-3.25.2-9af7e24b-b0a7-4f5b-9635-909e97d49c27-sqlitejdbc.dll
0x000000002df30000 - 0x000000002e033000 	C:\Users\Troels\AppData\Local\Temp\sqlite-3.25.2-3728bbe5-a7eb-461e-8c03-200d4caaac31-sqlitejdbc.dll
0x0000000026d80000 - 0x0000000026e83000 	C:\Users\Troels\AppData\Local\Temp\sqlite-3.25.2-ae693fc6-d242-4149-b803-202818c3bffb-sqlitejdbc.dll
0x0000000033a00000 - 0x0000000033b03000 	C:\Users\Troels\AppData\Local\Temp\sqlite-3.25.2-8377597a-352c-431b-a2c9-682708db1177-sqlitejdbc.dll
0x0000000036790000 - 0x0000000036893000 	C:\Users\Troels\AppData\Local\Temp\sqlite-3.25.2-9e66f4db-9072-4d8d-ad71-2d39d0924a43-sqlitejdbc.dll
0x0000000036d30000 - 0x0000000036e33000 	C:\Users\Troels\AppData\Local\Temp\sqlite-3.25.2-9315529a-2343-4981-a8bb-7be274fd3b32-sqlitejdbc.dll
0x0000000038070000 - 0x0000000038173000 	C:\Users\Troels\AppData\Local\Temp\sqlite-3.25.2-1378b613-1150-4e14-896a-8915af471dc2-sqlitejdbc.dll
0x0000000038580000 - 0x0000000038683000 	C:\Users\Troels\AppData\Local\Temp\sqlite-3.25.2-f97454e2-c6d2-4e17-893d-2aa21133eb82-sqlitejdbc.dll
0x00000000388b0000 - 0x00000000389b3000 	C:\Users\Troels\AppData\Local\Temp\sqlite-3.25.2-8d75d449-7065-4a55-a079-44f0a3ec61e8-sqlitejdbc.dll
0x0000000039c20000 - 0x0000000039d23000 	C:\Users\Troels\AppData\Local\Temp\sqlite-3.25.2-703329d7-5a33-483f-9518-7dc2da9f1777-sqlitejdbc.dll
0x000000003c3d0000 - 0x000000003c4d3000 	C:\Users\Troels\AppData\Local\Temp\sqlite-3.25.2-ba41611b-507a-487f-b720-c1655bd568f7-sqlitejdbc.dll
0x000000003cae0000 - 0x000000003cbe3000 	C:\Users\Troels\AppData\Local\Temp\sqlite-3.25.2-e467f75a-a8eb-454e-957a-60dd315b838b-sqlitejdbc.dll
0x000000003d1f0000 - 0x000000003d2f3000 	C:\Users\Troels\AppData\Local\Temp\sqlite-3.25.2-dd767d46-8513-421c-83e1-9e19771e980b-sqlitejdbc.dll
0x000000003d900000 - 0x000000003da03000 	C:\Users\Troels\AppData\Local\Temp\sqlite-3.25.2-da34b9c4-7c55-44dd-828c-155966e7ab4b-sqlitejdbc.dll
0x000000003e010000 - 0x000000003e113000 	C:\Users\Troels\AppData\Local\Temp\sqlite-3.25.2-7b844149-3138-4a90-8fcf-2aa65c93d08e-sqlitejdbc.dll
0x000000003e720000 - 0x000000003e823000 	C:\Users\Troels\AppData\Local\Temp\sqlite-3.25.2-cfc3fb1a-b018-49e1-ab71-f73e184c6689-sqlitejdbc.dll
0x000000003ee30000 - 0x000000003ef33000 	C:\Users\Troels\AppData\Local\Temp\sqlite-3.25.2-464437bc-b79f-424e-bcae-0aa0c0c3a279-sqlitejdbc.dll
0x000000003fd10000 - 0x000000003fe13000 	C:\Users\Troels\AppData\Local\Temp\sqlite-3.25.2-80158320-2591-4732-b436-46178bcde7e3-sqlitejdbc.dll
0x000000003f740000 - 0x000000003f843000 	C:\Users\Troels\AppData\Local\Temp\sqlite-3.25.2-30bdbd9b-8f15-4304-aff8-6f36c91dfa8b-sqlitejdbc.dll
0x0000000040420000 - 0x0000000040523000 	C:\Users\Troels\AppData\Local\Temp\sqlite-3.25.2-4050cdf1-1eff-4ad3-8cd0-7489c5cdf7f9-sqlitejdbc.dll
0x0000000040b30000 - 0x0000000040c33000 	C:\Users\Troels\AppData\Local\Temp\sqlite-3.25.2-97a4273a-d954-4b42-af3d-7d90c7c93fe8-sqlitejdbc.dll
0x0000000041240000 - 0x0000000041343000 	C:\Users\Troels\AppData\Local\Temp\sqlite-3.25.2-f4994963-7eab-4a59-b979-3a6cbf0b77a4-sqlitejdbc.dll
0x0000000041950000 - 0x0000000041a53000 	C:\Users\Troels\AppData\Local\Temp\sqlite-3.25.2-180b93d1-a499-4050-966a-f8d4a344f116-sqlitejdbc.dll
0x0000000042060000 - 0x0000000042163000 	C:\Users\Troels\AppData\Local\Temp\sqlite-3.25.2-08897ef9-2a2e-44b5-95e4-706b35c8a96b-sqlitejdbc.dll
0x0000000042770000 - 0x0000000042873000 	C:\Users\Troels\AppData\Local\Temp\sqlite-3.25.2-2a8da90d-cf8b-4ebd-bd3d-13aad279df8a-sqlitejdbc.dll
0x00000000436b0000 - 0x00000000437b3000 	C:\Users\Troels\AppData\Local\Temp\sqlite-3.25.2-392b6f07-852e-40a3-bdbb-ca5dead2c5f6-sqlitejdbc.dll
0x00007ff88a5f0000 - 0x00007ff88a7e4000 	C:\Windows\SYSTEM32\dbghelp.dll

VM Arguments:
jvm_args: -Xmx1536m -Dfile.encoding=windows-1252 -Duser.country=DK -Duser.language=da -Duser.variant 
java_command: org.gradle.launcher.daemon.bootstrap.GradleDaemon 6.3
java_class_path (initial): C:\Users\Troels\.gradle\wrapper\dists\gradle-6.3-all\b4awcolw9l59x95tu1obfh9i8\gradle-6.3\lib\gradle-launcher-6.3.jar
Launcher Type: SUN_STANDARD

Environment Variables:
PATH=C:\Program Files (x86)\Common Files\Oracle\Java\javapath;C:\Windows\system32;C:\Windows;C:\Windows\System32\Wbem;C:\Windows\System32\WindowsPowerShell\v1.0\;C:\Windows\System32\OpenSSH\;C:\Users\Troels\AppData\Local\Microsoft\WindowsApps;
USERNAME=Troels
OS=Windows_NT
PROCESSOR_IDENTIFIER=Intel64 Family 6 Model 158 Stepping 13, GenuineIntel



---------------  S Y S T E M  ---------------

OS: Windows 10.0 , 64 bit Build 18362 (10.0.18362.752)

CPU:total 6 (initial active 6) (6 cores per cpu, 1 threads per core) family 6 model 158 stepping 13, cmov, cx8, fxsr, mmx, sse, sse2, sse3, ssse3, sse4.1, sse4.2, popcnt, avx, avx2, aes, clmul, erms, rtm, 3dnowpref, lzcnt, tsc, tscinvbit, bmi1, bmi2, adx

Memory: 4k page, physical 16426008k(6036316k free), swap 21406744k(3394448k free)

vm_info: OpenJDK 64-Bit Server VM (25.212-b04) for windows-amd64 JRE (1.8.0_212-release-1586-b04), built by "builder" with MS VC++ 10.0 (VS2010)

time: Sun Mar 29 14:08:14 2020
timezone: Rom, sommertid
elapsed time: 3386 seconds (0d 0h 56m 26s)

